<?xml version="1.0" encoding="utf-8"?><testsuites><testsuite errors="0" failures="0" hostname="engine" name="pytest" skipped="0" tests="64" time="2132.265" timestamp="2021-09-30T10:41:51.705869"><testcase classname="workspace.soxspipe_master.soxspipe.commonutils.tests.test_create_dispersion_map.test_create_dispersion_map" name="test_create_dispersion_map_function_exception" time="0.002" /><testcase classname="workspace.soxspipe_master.soxspipe.commonutils.tests.test_create_dispersion_map.test_create_dispersion_map" name="test_create_dispersion_map_multi_nir_function" time="83.656" /><testcase classname="workspace.soxspipe_master.soxspipe.commonutils.tests.test_create_dispersion_map.test_create_dispersion_map" name="test_create_dispersion_map_single_nir_function" time="5.717" /><testcase classname="workspace.soxspipe_master.soxspipe.commonutils.tests.test_detect_continuum.test_detect_continuum" name="test_detect_continuum_function" time="9.179" /><testcase classname="workspace.soxspipe_master.soxspipe.commonutils.tests.test_detect_continuum.test_detect_continuum" name="test_detect_continuum_function_exception" time="0.001" /><testcase classname="workspace.soxspipe_master.soxspipe.commonutils.tests.test_detect_order_edges.test_detect_order_edges" name="test_detect_nir_order_edges_function" time="46.976" /><testcase classname="workspace.soxspipe_master.soxspipe.commonutils.tests.test_detect_order_edges.test_detect_order_edges" name="test_detect_order_edges_function_exception" time="0.001" /><testcase classname="workspace.soxspipe_master.soxspipe.commonutils.tests.test_detect_order_edges.test_detect_order_edges" name="test_detect_vis_order_edges_function" time="149.298" /><testcase classname="workspace.soxspipe_master.soxspipe.commonutils.tests.test_detector_lookup.test_detector_lookup" name="test_detector_lookup_function" time="0.049" /><testcase classname="workspace.soxspipe_master.soxspipe.commonutils.tests.test_detector_lookup.test_detector_lookup" name="test_detector_lookup_function_exception" time="0.001" /><testcase classname="workspace.soxspipe_master.soxspipe.commonutils.tests.test_detector_lookup.test_detector_lookup" name="test_detector_lookup_function_wrong_arm" time="0.016" /><testcase classname="workspace.soxspipe_master.soxspipe.commonutils.tests.test_detector_lookup.test_detector_lookup" name="test_detector_lookup_get_function" time="0.065" /><testcase classname="workspace.soxspipe_master.soxspipe.commonutils.tests.test_dispersion_map_to_pixel_arrays.test_dispersion_map_to_pixel_arrays" name="test_dispersion_map_to_pixel_arrays_function" time="0.007" /><testcase classname="workspace.soxspipe_master.soxspipe.commonutils.tests.test_dispersion_map_to_pixel_arrays.test_dispersion_map_to_pixel_arrays" name="test_dispersion_map_to_pixel_arrays_function_exception" time="0.001" /><testcase classname="workspace.soxspipe_master.soxspipe.commonutils.tests.test_filenamer.test_filenamer" name="test_filenamer_function" time="11.027" /><testcase classname="workspace.soxspipe_master.soxspipe.commonutils.tests.test_filenamer.test_filenamer" name="test_filenamer_function_exception" time="0.001" /><testcase classname="workspace.soxspipe_master.soxspipe.commonutils.tests.test_keyword_lookup.test_keyword_lookup" name="test_keyword_dictionary_selection_function" time="0.103" /><testcase classname="workspace.soxspipe_master.soxspipe.commonutils.tests.test_keyword_lookup.test_keyword_lookup" name="test_keyword_lookup_function" time="0.053" /><testcase classname="workspace.soxspipe_master.soxspipe.commonutils.tests.test_keyword_lookup.test_keyword_lookup" name="test_keyword_lookup_function_exception" time="0.001" /><testcase classname="workspace.soxspipe_master.soxspipe.commonutils.tests.test_sof_of_files.test_set_of_files" name="test01_set_of_files_function" time="0.209" /><testcase classname="workspace.soxspipe_master.soxspipe.commonutils.tests.test_sof_of_files.test_set_of_files" name="test_set_of_files_function_exception" time="0.001" /><testcase classname="workspace.soxspipe_master.soxspipe.commonutils.tests.test_sof_of_files.test_set_of_files" name="test_sof_to_collection_from_directory_function" time="0.597" /><testcase classname="workspace.soxspipe_master.soxspipe.commonutils.tests.test_sof_of_files.test_set_of_files" name="test_sof_to_collection_from_list_of_fits_files_function" time="0.613" /><testcase classname="workspace.soxspipe_master.soxspipe.commonutils.tests.test_sof_of_files.test_set_of_files" name="test_sof_to_collection_from_sof_file_function" time="0.578" /><testcase classname="workspace.soxspipe_master.soxspipe.commonutils.tests.test_sof_of_files.test_set_of_files" name="test_validate_sof_frames_function" time="0.207" /><testcase classname="workspace.soxspipe_master.soxspipe.commonutils.tests.test_subtract_background.test_subtract_background" name="test_subtract_background_function" time="6.832" /><testcase classname="workspace.soxspipe_master.soxspipe.commonutils.tests.test_subtract_background.test_subtract_background" name="test_subtract_background_function_exception" time="0.001" /><testcase classname="workspace.soxspipe_master.soxspipe.recipes.tests.test__base_recipe_.test__base_recipe_" name="test__base_recipe__function" time="3.508" /><testcase classname="workspace.soxspipe_master.soxspipe.recipes.tests.test__base_recipe_.test__base_recipe_" name="test__base_recipe__function_exception" time="0.001" /><testcase classname="workspace.soxspipe_master.soxspipe.recipes.tests.test_soxs_disp_solution.test_soxs_disp_solution" name="test_soxs_disp_solution_function_exception" time="0.593" /><testcase classname="workspace.soxspipe_master.soxspipe.recipes.tests.test_soxs_disp_solution.test_soxs_disp_solution" name="test_soxs_disp_solution_nir_function" time="7.908" /><testcase classname="workspace.soxspipe_master.soxspipe.recipes.tests.test_soxs_disp_solution.test_soxs_disp_solution" name="test_soxs_disp_solution_uvb_function" time="12.153" /><testcase classname="workspace.soxspipe_master.soxspipe.recipes.tests.test_soxs_disp_solution.test_soxs_disp_solution" name="test_soxs_disp_solution_vis_function" time="14.670" /><testcase classname="workspace.soxspipe_master.soxspipe.recipes.tests.test_soxs_mbias.test_mbias" name="test_mbias_from_directory_function" time="56.164" /><testcase classname="workspace.soxspipe_master.soxspipe.recipes.tests.test_soxs_mbias.test_mbias" name="test_mbias_from_list_of_fits_function" time="57.191" /><testcase classname="workspace.soxspipe_master.soxspipe.recipes.tests.test_soxs_mbias.test_mbias" name="test_mbias_from_sof_function" time="56.421" /><testcase classname="workspace.soxspipe_master.soxspipe.recipes.tests.test_soxs_mbias.test_mbias" name="test_mbias_function_exception" time="0.001" /><testcase classname="workspace.soxspipe_master.soxspipe.recipes.tests.test_soxs_mbias.test_mbias" name="test_mbias_mixed_binning_exception" time="0.771" /><testcase classname="workspace.soxspipe_master.soxspipe.recipes.tests.test_soxs_mbias.test_mbias" name="test_mbias_mixed_image_type_exception" time="2.902" /><testcase classname="workspace.soxspipe_master.soxspipe.recipes.tests.test_soxs_mbias.test_mbias" name="test_mbias_wrong_image_type_exception" time="0.137" /><testcase classname="workspace.soxspipe_master.soxspipe.recipes.tests.test_soxs_mbias.test_mbias" name="test_produce_product_function" time="56.646" /><testcase classname="workspace.soxspipe_master.soxspipe.recipes.tests.test_soxs_mdark.test_soxs_mdark" name="test_soxs_mdark_function_exception" time="0.474" /><testcase classname="workspace.soxspipe_master.soxspipe.recipes.tests.test_soxs_mdark.test_soxs_mdark" name="test_soxs_mdark_nir_function" time="26.139" /><testcase classname="workspace.soxspipe_master.soxspipe.recipes.tests.test_soxs_mdark.test_soxs_mdark" name="test_soxs_mdark_uvb_function" time="30.093" /><testcase classname="workspace.soxspipe_master.soxspipe.recipes.tests.test_soxs_mdark.test_soxs_mdark" name="test_soxs_mdark_vis_function" time="40.999" /><testcase classname="workspace.soxspipe_master.soxspipe.recipes.tests.test_soxs_mflat.test_soxs_mflat" name="test_soxs_mflat_function_exception" time="0.105" /><testcase classname="workspace.soxspipe_master.soxspipe.recipes.tests.test_soxs_mflat.test_soxs_mflat" name="test_soxs_mflat_nir_inter_order_to_unity_func" time="9.437" /><testcase classname="workspace.soxspipe_master.soxspipe.recipes.tests.test_soxs_mflat.test_soxs_mflat" name="test_soxs_mflat_nir_long_function" time="83.880" /><testcase classname="workspace.soxspipe_master.soxspipe.recipes.tests.test_soxs_mflat.test_soxs_mflat" name="test_soxs_mflat_nir_short_function" time="85.185" /><testcase classname="workspace.soxspipe_master.soxspipe.recipes.tests.test_soxs_mflat.test_soxs_mflat" name="test_soxs_mflat_uvb_dflat_function" time="197.575" /><testcase classname="workspace.soxspipe_master.soxspipe.recipes.tests.test_soxs_mflat.test_soxs_mflat" name="test_soxs_mflat_vis_long_function" time="312.939" /><testcase classname="workspace.soxspipe_master.soxspipe.recipes.tests.test_soxs_mflat.test_soxs_mflat" name="test_soxs_mflat_vis_short_function" time="311.161" /><testcase classname="workspace.soxspipe_master.soxspipe.recipes.tests.test_soxs_mflat.test_soxs_mflat" name="test_unpack_order_table_function" time="0.117" /><testcase classname="workspace.soxspipe_master.soxspipe.recipes.tests.test_soxs_order_centres.test_soxs_order_centres" name="test_soxs_order_centres_function_exception" time="0.105" /><testcase classname="workspace.soxspipe_master.soxspipe.recipes.tests.test_soxs_order_centres.test_soxs_order_centres" name="test_soxs_order_centres_nir_function" time="12.622" /><testcase classname="workspace.soxspipe_master.soxspipe.recipes.tests.test_soxs_order_centres.test_soxs_order_centres" name="test_soxs_order_centres_uvb_function" time="28.974" /><testcase classname="workspace.soxspipe_master.soxspipe.recipes.tests.test_soxs_order_centres.test_soxs_order_centres" name="test_soxs_order_centres_vis_function" time="20.406" /><testcase classname="workspace.soxspipe_master.soxspipe.recipes.tests.test_soxs_spatial_solution.test_soxs_spatial_solution" name="test_soxs_spatial_solution_function_exception" time="0.108" /><testcase classname="workspace.soxspipe_master.soxspipe.recipes.tests.test_soxs_spatial_solution.test_soxs_spatial_solution" name="test_soxs_spatial_solution_nir_function" time="82.176" /><testcase classname="workspace.soxspipe_master.soxspipe.recipes.tests.test_soxs_spatial_solution.test_soxs_spatial_solution" name="test_soxs_spatial_solution_uvb_function" time="117.896" /><testcase classname="workspace.soxspipe_master.soxspipe.recipes.tests.test_soxs_spatial_solution.test_soxs_spatial_solution" name="test_soxs_spatial_solution_vis_function" time="168.382" /><testcase classname="workspace.soxspipe_master.soxspipe.recipes.tests.test_soxs_straighten.test_soxs_straighten" name="test_soxs_straighten_function_exception" time="0.106" /><testcase classname="workspace.soxspipe_master.soxspipe.recipes.tests.test_soxs_straighten.test_soxs_straighten" name="test_soxs_straighten_nir_function" time="2.126" /><testcase classname="workspace.soxspipe_master.soxspipe.tests.test_cl_utils.test_cl_utils" name="test_init" time="0.363" /></testsuite></testsuites>